  NIT   NF   F                       GTG
    0    1  3.481307186876015E+04   9.55439770E+08
tnc: fscale = 3.05482e-05
    1    4  8.588817683866077E+03   2.32887351E+08
    2    9  6.484017748768385E+03   6.00313319E+06
    3   17  4.905086035765289E+03   5.18746442E+07
    4   23  3.372077722332602E+03   3.11926088E+08
    5   30  2.522366433521237E+03   2.64731425E+08
    6   39  1.816154970808595E+03   3.66752752E+07
    7   43  1.646580197315036E+03   1.61358353E+06
tnc: fscale = 0.000711295
    8   46  1.624864935579038E+03   1.48196145E+06
    9   58  1.422062047642849E+03   1.09013125E+07
   10   68  1.291185205213143E+03   2.17929886E+07
   11   76  1.139800171595080E+03   2.17610410E+06
   12   85  1.103261900588108E+03   1.28554785E+07
   13   90  1.063346680176453E+03   1.67592476E+07
   14   96  1.028772237427455E+03   3.57646878E+06
   15  106  9.846813755530779E+02   1.61603247E+06
   16  117  8.424985176023248E+02   3.88979409E+06
   17  125  7.819349625653927E+02   1.32679192E+06
   18  135  6.717574310816964E+02   2.81570376E+06
   19  149  5.677128382218090E+02   1.27076600E+07
   20  153  5.396197941871483E+02   9.83188911E+06
   21  163  4.883734973143430E+02   1.27711083E+06
   22  166  4.706791633976451E+02   1.96036831E+06
   23  174  4.424346445457132E+02   4.15764363E+06
   24  183  3.974562074156757E+02   2.60894507E+07
   25  189  3.234805700247243E+02   1.28248527E+07
   26  199  2.670157961258493E+02   3.73069103E+06
   27  207  2.158126037868750E+02   4.45650338E+06
   28  217  1.872841310928426E+02   5.38184165E+05
   29  232  1.454189831350292E+02   4.50822866E+05
   30  245  1.182823188530158E+02   2.74238100E+06
   31  260  9.771478052469429E+01   1.30962251E+06
   32  272  8.310052861777311E+01   1.25333885E+06
   33  290  7.116356872958023E+01   3.90146606E+05
   34  302  6.080930813843806E+01   7.04043396E+04
   35  314  5.192603904104131E+01   3.71733000E+05
   36  334  4.349534838601937E+01   1.10883287E+06
   37  348  3.688371441245935E+01   2.15375419E+05
   38  367  3.126998386593108E+01   1.93964075E+05
   39  371  2.910514271904331E+01   1.64364131E+05
   40  380  2.663982312616999E+01   1.82228456E+05
   41  390  2.451234411949321E+01   3.79974754E+04
   42  401  2.203979094867978E+01   2.20086584E+04
   43  404  2.188074208539505E+01   1.06264923E+04
   44  417  1.997783923307546E+01   6.58213234E+04
   45  427  1.903147118193420E+01   3.10329163E+04
   46  437  1.791500327100261E+01   9.96882556E+03
   47  447  1.668098487674306E+01   1.77292051E+04
   48  463  1.407635087164089E+01   5.65948816E+04
   49  473  1.298501293060532E+01   8.96381469E+03
   50  483  1.207267188264000E+01   2.85083660E+03
tnc: fscale = 0.0159788
   51  491  1.185663764652146E+01   6.77422815E+03
   52  502  1.124761782798332E+01   2.19942795E+03
   53  512  1.063452119692210E+01   1.24656910E+04
   54  548  9.651130948550222E+00   2.78086161E+05
   55  553  9.210033772969505E+00   4.12858039E+05
   56  556  8.732118152126766E+00   1.11797387E+04
   57  567  7.996280692057341E+00   1.10401448E+05
   58  570  7.774897549849037E+00   8.72555424E+03
   59  586  6.782552929959618E+00   3.81129450E+04
   60  604  5.659629656026588E+00   1.16207410E+04
   61  614  5.172056080344728E+00   2.64738382E+04
   62  643  4.589822289816054E+00   1.11534321E+05
   63  646  4.360541392765843E+00   1.83054565E+05
   64  649  4.178516029223365E+00   2.13490241E+03
   65  657  3.916474765430087E+00   1.38235428E+04
   66  666  3.742920958769880E+00   9.18872831E+03
   67  677  3.505376818434972E+00   6.88961723E+03
   68  699  3.050123513905590E+00   6.11084586E+04
   69  703  2.966349470841834E+00   1.99137661E+03
   70  726  2.539488454822253E+00   6.64172406E+03
   71  738  2.378378835792284E+00   1.61571822E+03
   72  759  2.131094988141438E+00   1.14772992E+04
   73  771  2.012467951013055E+00   3.19261508E+02
   74  775  1.996117017497160E+00   5.28629963E+02
   75  790  1.876475436956271E+00   5.59867323E+03
   76  801  1.801651414882107E+00   1.48291275E+03
   77  827  1.618961209619525E+00   3.03435173E+03
   78  839  1.542875534612387E+00   2.27195356E+02
   79  857  1.447848812546479E+00   8.17507562E+03
   80  867  1.389090247239198E+00   7.31289250E+02
   81  885  1.282300768388641E+00   3.67775603E+03
   82  888  1.272932046400709E+00   6.49713237E+02
   83  905  1.168668209728525E+00   1.30511759E+03
   84  921  1.095676969880039E+00   3.07182251E+02
   85  925  1.089807910819469E+00   1.90280067E+02
   86  936  1.049511779439421E+00   7.12882603E+01
   87  953  9.877632360756865E-01   5.68607908E+02
   88  974  9.134315765090122E-01   9.22957215E+02
   89  989  8.686254231880755E-01   2.34769330E+02
   90 1016  8.043497390375822E-01   1.49036038E+03
   91 1019  7.977353619832099E-01   5.91035284E+02
   92 1043  7.409852221044775E-01   7.42102002E+02
   93 1054  7.174969148928361E-01   7.99901586E+02
   94 1065  6.945900269341642E-01   8.96460002E+01
   95 1077  6.741209452814031E-01   5.87124785E+02
   96 1088  6.598018172097991E-01   3.59055523E+02
   97 1103  6.334975591512124E-01   4.33068944E+02
   98 1116  6.105177071304013E-01   2.59043631E+02
   99 1127  5.909867006477408E-01   5.86913296E+02
  100 1138  5.743817881871858E-01   1.17645661E+03
  101 1153  5.497558327048284E-01   8.62486504E+01
  102 1171  5.244530235010358E-01   6.69421851E+01
  103 1187  5.034414143543152E-01   1.80725044E+02
  104 1202  4.812873463161267E-01   2.69832686E+01
  105 1217  4.656790794076375E-01   1.04761617E+02
  106 1229  4.541094061830710E-01   1.28698476E+02
  107 1247  4.350297956532874E-01   3.06908606E+02
  108 1258  4.261920085582705E-01   5.44902401E+02
  109 1269  4.151331898407977E-01   1.35067307E+02
  110 1290  3.926226533762224E-01   2.38074060E+02
  111 1302  3.844206589065501E-01   4.07090975E+01
  112 1313  3.756612715409101E-01   1.13272914E+02
  113 1329  3.624138737898991E-01   1.53858298E+02
  114 1354  3.384020801674327E-01   4.25577026E+02
  115 1365  3.319899929911533E-01   1.75773193E+02
  116 1376  3.262483843860280E-01   4.68297211E+01
  117 1410  3.030428730172259E-01   1.26505829E+03
  118 1421  2.976654776907057E-01   7.14511489E+01
  119 1444  2.834555436632449E-01   2.05729619E+02
  120 1465  2.704531653188944E-01   3.58783975E+01
  121 1483  2.601690361570118E-01   8.95966174E+01
  122 1494  2.560995891126476E-01   1.99389355E+02
  123 1503  2.522630097312992E-01   1.65905052E+01
  124 1514  2.475682320167007E-01   1.39902678E+01
  125 1525  2.442449312963227E-01   4.29095476E+01
  126 1535  2.408410159776827E-01   5.10506988E+01
  127 1552  2.319738510061674E-01   1.66528829E+02
  128 1562  2.287454613367942E-01   2.20977461E+02
  129 1571  2.255279886897343E-01   7.72234122E+01
  130 1588  2.188209258245818E-01   1.23939275E+02
  131 1600  2.148300188361878E-01   3.17947836E+01
  132 1611  2.117142341074222E-01   3.71120847E+01
  133 1634  2.021330863025992E-01   4.80268581E+01
  134 1651  1.975384104623357E-01   2.28644193E+02
  135 1666  1.934909979001954E-01   2.71593116E+01
  136 1691  1.873802902691784E-01   2.36699587E+01
  137 1702  1.857896517222919E-01   3.16379390E+00
tnc: fscale = 0.50724
  138 1710  1.855716809527970E-01   2.24498833E+00
  139 1727  1.830892989087617E-01   1.05399657E+01
  140 1740  1.811637651683472E-01   6.09925872E+01
  141 1752  1.788357441416938E-01   4.05203396E+01
  142 1764  1.768979083701729E-01   6.09101237E+01
  143 1791  1.699537236856744E-01   1.85132018E+01
  144 1811  1.657514319038851E-01   1.99752841E+01
  145 1831  1.619994125101932E-01   7.10193966E+01
  146 1843  1.608114194864719E-01   3.97606857E+01
  147 1854  1.592097175286377E-01   2.95691052E+01
  148 1866  1.576286628748529E-01   7.16946229E+00
  149 1896  1.525397015357134E-01   1.71617909E+02
  150 1908  1.510437647319658E-01   3.39534182E+01
  151 1924  1.487050037644881E-01   1.31375391E+01
  152 1944  1.460465590676989E-01   2.13921539E+01
  153 1956  1.447432318978822E-01   8.31601588E+01
  154 1968  1.436833090579284E-01   9.29503840E+00
  155 1980  1.427125726832278E-01   3.00138666E+00
  156 2009  1.390366188651205E-01   1.04748230E+02
  157 2021  1.376499180096154E-01   3.65686975E+00
  158 2040  1.351877639987758E-01   8.72888264E+01
  159 2060  1.326972684656059E-01   7.18243906E+01
  160 2093  1.287851312838180E-01   3.10669632E+02
  161 2098  1.282218718646825E-01   3.02973486E+00
  162 2125  1.252625058570308E-01   5.68842833E+01
  163 2141  1.237633067755917E-01   7.08637389E+00
  164 2153  1.223225477549059E-01   1.21594631E+01
  165 2165  1.213667364032021E-01   1.75744228E+01
  166 2176  1.202236216313096E-01   2.77416946E+01
  167 2188  1.191084819867479E-01   2.86456914E+00
  168 2205  1.167717238794818E-01   1.83166569E+01
  169 2232  1.133136490678842E-01   6.00065886E+01
  170 2237  1.129891295038502E-01   1.65170029E+00
  171 2259  1.108407543618560E-01   2.28558002E+01
  172 2282  1.080472921898741E-01   5.67156373E+00
  173 2302  1.056626633480229E-01   1.56328052E+01
  174 2330  1.019656864297805E-01   4.38221463E+01
  175 2351  9.996356777945690E-02   7.53194811E+00
  176 2363  9.906841822628557E-02   1.70459172E+01
  177 2374  9.804210421759964E-02   3.34076892E+00
  178 2386  9.731276118413068E-02   2.28786264E+00
  179 2397  9.653321740046798E-02   1.03945496E+01
  180 2409  9.573352653146747E-02   3.54077548E+00
  181 2447  9.261891949961472E-02   1.00604564E+02
  182 2452  9.211802354063517E-02   4.44105150E+00
  183 2467  9.105217480705233E-02   7.10722478E+00
  184 2483  9.006388232523588E-02   6.22888033E+00
  185 2509  8.780980334015238E-02   3.28918976E+00
  186 2525  8.681281621161932E-02   3.29666913E+00
  187 2551  8.485693067504695E-02   1.73833486E+01
  188 2563  8.428485889345610E-02   4.05142936E+00
  189 2587  8.238281261130212E-02   2.53780382E+01
  190 2599  8.165776247448728E-02   2.44147076E+01
  191 2610  8.104026634149857E-02   7.37959275E+00
  192 2620  8.035402383457138E-02   1.69452164E+01
  193 2646  7.855143505415171E-02   1.58920395E+01
  194 2657  7.812724905097472E-02   1.31344506E+01
  195 2668  7.750971790595185E-02   4.81256598E+00
  196 2679  7.680032075789706E-02   4.54817526E+01
  197 2692  7.594938234144707E-02   5.30383764E+00
  198 2718  7.413381998048420E-02   4.27048121E+01
  199 2734  7.334025429554188E-02   4.90574924E+00
  200 2755  7.161559932409532E-02   1.08286918E+01
  201 2770  7.052312657084235E-02   3.94547829E+00
  202 2788  6.939078805019792E-02   3.61824313E+00
  203 2807  6.832125063680261E-02   2.11628039E+01
  204 2826  6.734432203687063E-02   3.48375910E+01
  205 2838  6.668766485483715E-02   3.02245298E+01
  206 2850  6.605515387765593E-02   5.02235088E+00
  207 2867  6.513010224684491E-02   1.72814645E+00
  208 2896  6.352405160077956E-02   7.14488133E+00
  209 2909  6.299106080417495E-02   1.64512858E+01
  210 2921  6.253261865925207E-02   2.26607013E+00
  211 2941  6.165011701843147E-02   5.43039487E+00
  212 2967  6.022803660892020E-02   3.93689889E+00
  213 2983  5.967915267722711E-02   4.18060936E+00
  214 2995  5.927936229916701E-02   8.60064706E+00
  215 3006  5.895570409889538E-02   1.16519864E+00
  216 3017  5.858775058988409E-02   1.38469760E+01
  217 3028  5.816080187076217E-02   6.01997550E+00
  218 3038  5.784206388774146E-02   2.21847139E+00
  219 3054  5.733010032843865E-02   3.10765357E+00
  220 3070  5.672346277860662E-02   6.75063545E-01
  221 3096  5.575616934616141E-02   3.36527728E+00
  222 3108  5.546021069387520E-02   5.25788234E+00
  223 3127  5.483288645513074E-02   5.44351041E+00
  224 3142  5.433084372157466E-02   4.72885622E+00
  225 3166  5.346071738549529E-02   7.77570987E+00
  226 3178  5.317538968386257E-02   6.88772391E+00
  227 3190  5.282673692564980E-02   1.80239221E+01
  228 3200  5.260176850157165E-02   1.40808681E+01
  229 3210  5.227487876326431E-02   1.11007254E+01
  230 3229  5.157944389096668E-02   1.68918823E+01
  231 3240  5.127501638816388E-02   2.63411893E+00
  232 3258  5.065336803728788E-02   1.13470041E+01
  233 3268  5.033241757133880E-02   2.37453854E+01
  234 3286  4.967678454695642E-02   2.26596531E+00
  235 3301  4.924580409049633E-02   6.05947533E+00
  236 3327  4.844334097707764E-02   1.32668035E+00
  237 3349  4.775136236724344E-02   3.96832635E+00
  238 3396  4.622944965167665E-02   8.81614663E+00
  239 3401  4.606825314995403E-02   4.23208358E-01
  240 3412  4.587754244206523E-02   5.68611729E+00
  241 3423  4.566859824397537E-02   1.60537431E+00
  242 3434  4.541211695177116E-02   1.02660272E+00
  243 3445  4.511139311164682E-02   4.06181954E+00
  244 3457  4.484765208381941E-02   1.56344510E+00
  245 3468  4.455954299675575E-02   4.79963861E+00
  246 3484  4.406859574792603E-02   1.97480830E+00
  247 3504  4.348650553628686E-02   7.29646998E+00
  248 3532  4.244221970780249E-02   1.09924623E+01
  249 3544  4.216095121141634E-02   3.90573188E+00
  250 3555  4.174881916181664E-02   1.69760092E+00
  251 3570  4.141837749889226E-02   3.75906395E+00
  252 3584  4.111489469329342E-02   2.10701403E+00
  253 3599  4.072273967977372E-02   3.01024113E+00
  254 3613  4.036009223842729E-02   1.40278726E+00
  255 3627  4.004930324402300E-02   6.94991040E+00
  256 3638  3.978290224123009E-02   3.08084240E+00
  257 3649  3.960541217096195E-02   2.56040616E+00
  258 3687  3.858026924979051E-02   3.04725129E+00
  259 3701  3.835821297590651E-02   3.44804353E-01
  260 3726  3.773632044470166E-02   2.53066984E+00
  261 3748  3.728694783683421E-02   1.73204473E+00
  262 3766  3.699088797722454E-02   2.35824869E+00
  263 3777  3.685482491272771E-02   3.27957690E+00
  264 3787  3.671261896329835E-02   4.44230992E-01
  265 3799  3.653916021237302E-02   4.19486778E+00
  266 3816  3.618854120343119E-02   2.00024285E+00
  267 3832  3.580353448636558E-02   2.42593603E+00
  268 3847  3.544310143861763E-02   1.76372127E+00
  269 3873  3.486558253566291E-02   2.89993585E+00
  270 3888  3.461101597741916E-02   2.03815734E+00
  271 3899  3.438792848670971E-02   8.90965554E+00
  272 3925  3.389612910763193E-02   6.27733769E+00
  273 3940  3.369820560341526E-02   1.75427980E+00
  274 3955  3.351289085095998E-02   1.51896369E-01
  275 3974  3.316562401932742E-02   4.79979540E+00
  276 4009  3.251205154597961E-02   2.42211614E+00
  277 4031  3.224606533456306E-02   5.73124935E+00
  278 4047  3.200666701996722E-02   1.09252640E+00
  279 4068  3.170442355242936E-02   1.48432399E+00
  280 4108  3.095591613184479E-02   9.97332649E+00
  281 4112  3.091603280824399E-02   3.98061043E-01
  282 4127  3.079790820079976E-02   7.49169258E-01
  283 4142  3.068652443227937E-02   3.70209095E-01
  284 4169  3.046210284901813E-02   5.21719751E-01
  285 4195  3.025899389900181E-02   7.12063852E-01
  286 4206  3.020672715990521E-02   1.16143212E+00
  287 4235  2.988809459398008E-02   2.87908069E+00
  288 4259  2.970255727898675E-02   3.89713041E+00
  289 4275  2.961429252861136E-02   3.41744578E-01
  290 4288  2.953016649476848E-02   1.50992514E+00
  291 4299  2.943489613199875E-02   8.78752316E-01
  292 4323  2.918440668769495E-02   1.63504468E+00
  293 4354  2.884626514057417E-02   8.24992101E+00
  294 4365  2.877616337565611E-02   9.86901504E-01
  295 4384  2.859216891689031E-02   3.01164909E-01
  296 4403  2.838138801264609E-02   2.32306610E+00
  297 4418  2.829415759748474E-02   5.64181270E-01
  298 4432  2.819976089929446E-02   3.84164298E-01
  299 4445  2.810736284423635E-02   5.95143373E-01
  300 4456  2.800401086733843E-02   1.34174467E+00
  301 4467  2.794373361776571E-02   3.44979473E+00
  302 4478  2.785703170678989E-02   4.42543288E-01
  303 4499  2.770027370227782E-02   3.11409396E-01
  304 4523  2.754447882840611E-02   1.81156807E+00
  305 4534  2.749942507856493E-02   9.47997556E-01
  306 4559  2.728629078712392E-02   2.00206961E-01
  307 4592  2.703581917742297E-02   1.77293117E+00
  308 4626  2.670985602821521E-02   7.76019952E+00
  309 4638  2.662829312757035E-02   3.60457806E-01
  310 4650  2.651927783780630E-02   1.45350420E+00
  311 4661  2.643291049451820E-02   1.40259910E+00
  312 4679  2.621241406564858E-02   4.40026508E+00
  313 4690  2.614721983229957E-02   2.15349852E+00
  314 4701  2.605162600083322E-02   1.02440528E+01
  315 4711  2.596116816185247E-02   1.60370087E+00
  316 4722  2.586873362574388E-02   3.79898600E+00
  317 4734  2.573801808388270E-02   1.57595360E+00
  318 4757  2.546073375635788E-02   1.57367361E+00
  319 4760  2.544532307071602E-02   8.32247863E-01
  320 4774  2.536214598176632E-02   1.61762829E-01
  321 4794  2.525232296631229E-02   1.35406459E+00
  322 4804  2.522691980667978E-02   7.60316641E-01
  323 4821  2.517549857028549E-02   4.10018052E-01
  324 4833  2.513742596963002E-02   1.34005089E+00
  325 4850  2.506439436387856E-02   5.03239491E-01
  326 4876  2.494967078570198E-02   5.58542658E-01
  327 4900  2.486930126579296E-02   6.00218791E-01
  328 4911  2.485044190765553E-02   5.49160528E-01
  329 4922  2.482715866177697E-02   5.44633185E-02
  330 4937  2.480004123397663E-02   2.63913291E-02
  331 4955  2.477512185956247E-02   3.36323260E-01
  332 4972  2.474719532429626E-02   1.64001590E-01
  333 4989  2.471985526293382E-02   4.46436594E-01
  334 5000  2.469842543254627E-02   3.23830354E-01
  335 5011  2.468173801615984E-02   1.06286885E+00
  336 5021  2.466133273679932E-02   3.07932187E-02
  337 5031  2.464050436013308E-02   1.84776950E-02
  338 5050  2.458592006981888E-02   2.85437456E-01
  339 5069  2.453461767549135E-02   8.16456324E-01
  340 5079  2.451647203047205E-02   6.15077723E-01
  341 5089  2.447491138927648E-02   4.17854028E-01
  342 5101  2.442240981284801E-02   5.55054262E-01
  343 5112  2.437084857143334E-02   1.07208402E-01
  344 5131  2.427587781548813E-02   1.02332067E+00
  345 5143  2.423425997256728E-02   1.16394109E-01
  346 5172  2.407300994156902E-02   1.99786555E+00
  347 5181  2.405035278054105E-02   6.40745565E-01
  348 5205  2.393528874368231E-02   4.70259282E-01
  349 5239  2.372552620498404E-02   7.43071125E-01
  350 5265  2.354065586460933E-02   3.10275543E+00
  351 5276  2.348377179404209E-02   3.25522499E+00
  352 5287  2.342174180416006E-02   8.14407834E-01
  353 5319  2.315963281027326E-02   8.51537331E-01
  354 5322  2.314820414513373E-02   1.02720386E+00
  355 5333  2.310873482328311E-02   4.78273995E-01
  356 5342  2.307868285716898E-02   4.13767879E-01
  357 5353  2.304468598247685E-02   4.32019681E-01
  358 5377  2.300164715308842E-02   5.48310982E-01
  359 5401  2.292568120181772E-02   6.13091439E-01
  360 5433  2.271484970264773E-02   8.94601131E-01
  361 5469  2.233890896453882E-02   1.04392138E+01
  362 5472  2.230138931133008E-02   2.19947690E-01
  363 5490  2.217541826367822E-02   6.81939603E-01
  364 5508  2.210015711352816E-02   9.39078424E-01
  365 5534  2.201752578316363E-02   2.87312185E-01
  366 5544  2.199867027662439E-02   1.06458879E+00
  367 5561  2.193317754715554E-02   9.14319523E-02
  368 5593  2.172998079996912E-02   6.88412963E-01
  369 5617  2.161286217594699E-02   2.92442332E-01
  370 5640  2.149037963366364E-02   5.74644134E-02
  371 5660  2.143370838876427E-02   4.74008463E-01
  372 5705  2.115564191672793E-02   2.97130097E+00
  373 5708  2.113489701373911E-02   8.56989280E-01
  374 5720  2.109285369100099E-02   1.42571194E+00
  375 5738  2.104747478799138E-02   8.74070008E-01
  376 5748  2.103617620817969E-02   9.54027241E-02
  377 5777  2.098232638842946E-02   2.13342191E-01
  378 5788  2.097250104166604E-02   6.47157121E-02
  379 5799  2.095666481215520E-02   1.40695456E-01
  380 5814  2.093124067593414E-02   1.80252201E-01
  381 5829  2.091139075013428E-02   1.11704856E-01
  382 5848  2.088689066691112E-02   2.51277969E-01
  383 5858  2.087721362290372E-02   1.89582508E-01
  384 5869  2.086643679531168E-02   1.50581089E-01
  385 5880  2.085542656017672E-02   6.18462756E-02
  386 5908  2.080126117145218E-02   9.89109858E-02
  387 5931  2.076731603043433E-02   5.72204375E-02
  388 5960  2.071047107302287E-02   1.19248232E-01
  389 5970  2.069801684818537E-02   6.78816163E-01
  390 5983  2.067228413245616E-02   5.68486488E-02
  391 6002  2.063592281144208E-02   4.39713985E-01
  392 6012  2.062136738242180E-02   2.96645870E-01
  393 6022  2.060546367100983E-02   2.92412221E-02
  394 6032  2.058805279101547E-02   1.20053064E-01
  395 6042  2.057134762955806E-02   2.79694407E-01
  396 6057  2.052683003262402E-02   1.30504449E-01
  397 6070  2.047739144292427E-02   1.45795911E-01
  398 6115  2.017938201918929E-02   1.12538597E+01
  399 6119  2.016348446068505E-02   1.37221223E-01
  400 6132  2.012525915518345E-02   5.76035773E-01
  401 6152  2.008233887286303E-02   4.50052985E-01
  402 6162  2.007328928261952E-02   4.81777660E-01
  403 6171  2.006239369137880E-02   8.18836470E-02
  404 6186  2.004657677721344E-02   8.19188243E-02
  405 6200  2.003515535079943E-02   1.79824739E-02
  406 6212  2.002779217387866E-02   6.11125061E-02
  407 6243  1.999787726656780E-02   1.87853530E-01
  408 6282  1.994100984962836E-02   9.35357963E-02
  409 6314  1.990144226446018E-02   3.72782184E-01
  410 6323  1.989679748813870E-02   1.06377082E-01
  411 6360  1.984824146749456E-02   1.15416531E-01
  412 6371  1.983959087070828E-02   6.83413751E-02
  413 6396  1.980537904264764E-02   3.16234917E-01
  414 6407  1.979431976417835E-02   9.30750216E-02
  415 6424  1.976299278940036E-02   5.90699689E-01
  416 6434  1.975402790003035E-02   3.51407335E-01
  417 6492  1.960853820301273E-02   1.10367736E+00
  418 6502  1.959702076417552E-02   6.81142281E-01
  419 6512  1.958098708666738E-02   8.98738501E-02
  420 6522  1.956135276874927E-02   1.25617511E+00
  421 6541  1.948963219180480E-02   3.31108239E-01
  422 6553  1.946303048549063E-02   2.06079271E-01
  423 6594  1.925569591267561E-02   1.76559408E+00
  424 6620  1.909759189680494E-02   5.09609317E+00
  425 6639  1.886341463610284E-02   1.33829358E+01
  426 6651  1.873552928003462E-02   7.06425962E+00
  427 6663  1.863056097263405E-02   2.02833357E+00
  428 6725  1.793406920929557E-02   9.29182257E+01
  429 6729  1.778315187300190E-02   8.97639404E-01
  430 6763  1.738390337126543E-02   1.55811058E+01
  431 6767  1.733906840473689E-02   4.17533015E-01
  432 6779  1.723278620889246E-02   9.11177374E-01
  433 6799  1.704211520341013E-02   3.81980874E-01
  434 6825  1.679600503452360E-02   1.28504863E+01
  435 6828  1.677212379833453E-02   4.54398612E-01
  436 6840  1.673488630625816E-02   3.20547995E-01
  437 6853  1.668804721335657E-02   9.25009270E-02
  438 6887  1.640823541520724E-02   7.00556316E-01
  439 6921  1.625047339334672E-02   2.13841345E-01
  440 6963  1.608284281195851E-02   1.09574138E+00
  441 6975  1.605410433163659E-02   2.07583916E-01
  442 6998  1.597890284791318E-02   2.19238110E-01
  443 7020  1.593094571683353E-02   1.79103381E-01
  444 7040  1.589721961375004E-02   7.99721190E-02
  445 7061  1.586884973610323E-02   4.66472996E-02
  446 7080  1.584712639174389E-02   2.56282902E-01
  447 7129  1.575040933108829E-02   6.84897890E-01
  448 7153  1.572414930956358E-02   5.71067386E-01
  449 7163  1.571340579391083E-02   5.06333044E-01
  450 7174  1.569881051469864E-02   1.13329954E-01
  451 7206  1.565811586964537E-02   1.52275008E-01
  452 7233  1.562433346302510E-02   4.89976038E-01
  453 7244  1.561562521725014E-02   4.58451130E-01
  454 7255  1.560483015064463E-02   3.75275401E-01
  455 7265  1.559798058201474E-02   2.35783003E-01
  456 7274  1.559273459164245E-02   5.90050252E-03
tnc: fscale = 11.8776
  457 7285  1.559109821742938E-02   9.00958535E-02
  458 7308  1.556060568128709E-02   1.71980195E-01
  459 7330  1.551839964573523E-02   1.20339258E-01
  460 7342  1.550619479835632E-02   5.49327085E-01
  461 7354  1.549341241491926E-02   7.52000783E-02
  462 7367  1.548250594447839E-02   1.12007598E-01
  463 7378  1.547435938051027E-02   2.80098150E-01
  464 7390  1.546566155083479E-02   1.60278149E-01
  465 7402  1.545838024344825E-02   1.02929398E-01
  466 7428  1.542061333437747E-02   1.26431101E-01
  467 7447  1.539325213063292E-02   5.49258355E-01
  468 7463  1.536956881621768E-02   1.57766625E-01
  469 7479  1.534834319828811E-02   9.87085299E-02
  470 7493  1.533359045980567E-02   9.26898275E-02
  471 7523  1.523691231937883E-02   5.53004288E-01
  472 7538  1.519943578059550E-02   3.01469392E-01
  473 7552  1.516663709251396E-02   7.35560206E-02
  474 7564  1.513710273337661E-02   1.77773891E-01
  475 7576  1.510732329269892E-02   2.80282412E-01
  476 7587  1.508541938524088E-02   5.40860331E-01
  477 7597  1.506840946805726E-02   2.84978058E-01
  478 7607  1.504442539498994E-02   1.78935508E-01
  479 7658  1.488092225236903E-02   3.57356945E+00
tnc: fscale = 0.4322
  480 7665  1.485393544824669E-02   3.29854008E-01
  481 7678  1.483508420482158E-02   3.37875055E-01
  482 7693  1.481409558837599E-02   4.07018170E-02
  483 7718  1.471672498751315E-02   1.76382331E-01
  484 7738  1.466078319253771E-02   9.43634966E-02
  485 7755  1.463826110982427E-02   2.44664759E-01
  486 7770  1.462515104672307E-02   1.96515026E-02
  487 7784  1.461583333651312E-02   2.80890227E-02
  488 7796  1.460789083417932E-02   2.84923656E-01
  489 7806  1.460217291786864E-02   2.93582600E-01
  490 7832  1.457150809364437E-02   2.63516120E-02
  491 7849  1.455295805265343E-02   7.78906541E-02
  492 7867  1.452958831601511E-02   5.21526707E-01
  493 7878  1.451902586437564E-02   6.90487176E-02
  494 7889  1.450910113212870E-02   3.27169852E-01
  495 7899  1.450153900001144E-02   5.59656539E-02
  496 7928  1.445513633828461E-02   1.02016118E-01
  497 7943  1.444001957110131E-02   9.76393491E-02
  498 7955  1.442543062713334E-02   1.83202078E-01
  499 7979  1.440335993543358E-02   6.73227043E-02
  500 7990  1.439746873619192E-02   5.58409905E-02
  501 8014  1.437126763778314E-02   1.21242987E-01
  502 8024  1.436481861124216E-02   2.98024355E-01
  503 8040  1.434890668791478E-02   2.50145410E-01
  504 8050  1.433932854642913E-02   9.76965107E-02
  505 8061  1.433176156081523E-02   2.99596908E-01
  506 8085  1.430096063014141E-02   5.41869370E-01
  507 8111  1.425013797424798E-02   1.46552802E-01
  508 8122  1.424026624443823E-02   6.50131244E-01
  509 8139  1.421356347162240E-02   4.39547989E-02
  510 8174  1.411738399554458E-02   6.14136822E-01
  511 8189  1.408927064949691E-02   1.46051594E-01
  512 8203  1.405537871203947E-02   3.18164605E-01
  513 8225  1.398639977181170E-02   6.75403267E-02
  514 8245  1.393598574578436E-02   4.76378873E-01
  515 8263  1.388809309430656E-02   2.35310018E-01
  516 8279  1.383956863216563E-02   1.37814199E-01
  517 8314  1.366824313122636E-02   7.96172681E-01
  518 8329  1.361725687248768E-02   2.18756697E-01
  519 8349  1.351163879598989E-02   4.46639421E-01
  520 8368  1.342853704033093E-02   1.67730769E+00
  521 8380  1.337441757180090E-02   5.24530197E-01
  522 8392  1.333513212231329E-02   7.71523110E-01
  523 8404  1.330200212894300E-02   1.48703100E-01
  524 8426  1.319151003557904E-02   3.92447862E-01
  525 8445  1.307358701613840E-02   2.41572188E-01
  526 8456  1.302923663911945E-02   2.01397532E+00
  527 8473  1.294561111401982E-02   1.38831043E+00
  528 8483  1.290938780128737E-02   1.74096343E+00
  529 8494  1.287448784180716E-02   2.24508468E-01
  530 8510  1.282661930272845E-02   2.37781471E-01
  531 8523  1.277371731970144E-02   5.05319366E-01
  532 8534  1.274930062873241E-02   2.00872959E+00
  533 8544  1.271564305455706E-02   8.16615159E-01
  534 8555  1.269217650844091E-02   6.41027850E-01
  535 8593  1.251247630797326E-02   4.50725855E-01
  536 8605  1.248591145103697E-02   3.55995898E-01
  537 8617  1.243854360885356E-02   1.67124293E-01
  538 8646  1.230729350933688E-02   1.70208024E-01
  539 8684  1.214242816415387E-02   8.17770532E-01
  540 8703  1.206396677642774E-02   1.52993506E+00
  541 8720  1.200091367926271E-02   1.70922310E-01
  542 8768  1.179862700728456E-02   9.81942242E-01
  543 8788  1.174193760256351E-02   2.84394682E-01
  544 8828  1.158838600579636E-02   7.29981461E-01
  545 8831  1.158321438383745E-02   3.68557216E-01
  546 8842  1.156341512729263E-02   1.55018956E-01
  547 8853  1.154706720056753E-02   2.91961710E-01
  548 8869  1.149509907252828E-02   4.04408184E-01
  549 8887  1.140597858069004E-02   2.73453820E-01
  550 8925  1.126912382977036E-02   4.21667368E-01
  551 8957  1.117480247178169E-02   1.72916534E-01
  552 8985  1.109348421917361E-02   1.66199010E-01
  553 9008  1.103436435567794E-02   1.21499618E-01
  554 9034  1.097468341348163E-02   2.42279131E-01
  555 9053  1.093170409815595E-02   1.94465632E-01
  556 9072  1.090026883969503E-02   3.75779760E-01
  557 9083  1.088509928264748E-02   2.47478030E-01
  558 9100  1.086140645666888E-02   1.30530801E-01
  559 9111  1.085001339872079E-02   3.32533278E-01
  560 9127  1.082642574158034E-02   6.55456519E-02
  561 9138  1.081607001872944E-02   1.50839849E-01
  562 9154  1.079452513536082E-02   1.34922279E-01
  563 9168  1.077939238754493E-02   1.40937938E-01
  564 9183  1.075995650733304E-02   2.44455929E-02
  565 9219  1.058663561422451E-02   9.01462650E-01
  566 9246  1.048310383264927E-02   7.70018344E-01
  567 9270  1.040515071900460E-02   1.95436326E-01
  568 9289  1.035341281608654E-02   6.83192894E-01
  569 9308  1.031367716197370E-02   1.24729346E-01
  570 9325  1.026955444330154E-02   2.75869585E-01
  571 9340  1.023996624655622E-02   3.33881593E-02
  572 9354  1.021234906158074E-02   2.01840069E-02
  573 9386  1.010760001695358E-02   1.51307558E+00
  574 9405  1.004784071402532E-02   5.47131400E-01
  575 9433  9.957093570536830E-03   1.64278871E-01
  576 9454  9.911940110415461E-03   1.29865335E-01
  577 9474  9.868310564649133E-03   4.14721751E-02
  578 9484  9.855793617339821E-03   4.69192663E-01
  579 9494  9.840987822105825E-03   4.91255440E-01
  580 9505  9.821375965126762E-03   1.43807315E-01
  581 9523  9.795621438645236E-03   2.31425238E-01
  582 9538  9.764294942172791E-03   1.70717343E-01
  583 9550  9.744635263980447E-03   1.98752631E-01
  584 9566  9.723347209009267E-03   6.97729159E-02
  585 9581  9.704398944637987E-03   5.52046950E-02
  586 9595  9.688872793399517E-03   7.45751990E-02
  587 9608  9.672577582949392E-03   1.49112367E-01
  588 9618  9.661130601854133E-03   3.90960020E-01
  589 9654  9.556218668962346E-03   2.58352102E-01
  590 9665  9.538781724795713E-03   4.73991418E-01
  591 9691  9.451641453087247E-03   2.58334508E-01
  592 9703  9.431802090397678E-03   6.13570927E-01
  593 9722  9.389636778264319E-03   8.50239170E-02
  594 9741  9.363565859241984E-03   5.09622790E-01
  595 9751  9.350058454578539E-03   4.10588793E-01
  596 9760  9.338493097033764E-03   5.11013003E-02
  597 9798  9.241205232568949E-03   2.85030370E-01
  598 9809  9.225223888168406E-03   1.50797067E-01
  599 9826  9.190102165912909E-03   2.05038058E-01
  600 9845  9.162284465719182E-03   4.43576862E-01
  601 9864  9.133871820342754E-03   4.63604916E-02
  602 9867  9.132642109478546E-03   9.94218830E-02
  603 9902  9.065592552806753E-03   5.58826967E-01
  604 9913  9.053230641141630E-03   3.40107736E-01
  605 9930  9.016273803801718E-03   5.56683356E-02
  606 9955  8.979986623136422E-03   2.13521175E-01
  607 9974  8.953299354005692E-03   8.28642984E-01
  608 9990  8.930707861513957E-03   1.87271740E-02
  609 10000  8.919985413499405E-03   9.47505720E-02
  609 10000  8.919985413499405E-03   9.47505720E-02
tnc: Maximum number of function evaluations reached
##### 
 Training Time = 926.7604313 


============================= JOB FEEDBACK =============================

NodeName=uc2n487
Job ID: 25275007
Cluster: uc2
User/Group: ul_wno19/ul_student
State: COMPLETED (exit code 0)
Nodes: 1
Cores per node: 10
CPU Utilized: 00:15:31
CPU Efficiency: 9.59% of 02:41:50 core-walltime
Job Wall-clock time: 00:16:11
Memory Utilized: 779.07 MB
Memory Efficiency: 4.76% of 16.00 GB
